-encoding
UTF-8
-outxml
-source
1.7
-target
1.7
-classpath
/Users/unadkarni/.m2/repository/aopalliance/aopalliance/1.0/aopalliance-1.0.jar:/Users/unadkarni/.m2/repository/ch/qos/logback/logback-classic/1.1.7/logback-classic-1.1.7.jar:/Users/unadkarni/.m2/repository/ch/qos/logback/logback-core/1.1.7/logback-core-1.1.7.jar:/Users/unadkarni/.m2/repository/com/fasterxml/jackson/core/jackson-annotations/2.6.7/jackson-annotations-2.6.7.jar:/Users/unadkarni/.m2/repository/com/fasterxml/jackson/core/jackson-core/2.6.7/jackson-core-2.6.7.jar:/Users/unadkarni/.m2/repository/com/fasterxml/jackson/core/jackson-databind/2.5.3/jackson-databind-2.5.3.jar:/Users/unadkarni/.m2/repository/com/google/guava/guava/18.0/guava-18.0.jar:/Users/unadkarni/.m2/repository/com/jayway/jsonpath/json-path/0.8.1/json-path-0.8.1.jar:/Users/unadkarni/.m2/repository/com/netflix/archaius/archaius-core/0.7.4/archaius-core-0.7.4.jar:/Users/unadkarni/.m2/repository/com/netflix/eureka/eureka-client/1.4.10/eureka-client-1.4.10.jar:/Users/unadkarni/.m2/repository/com/netflix/eureka/eureka-core/1.4.10/eureka-core-1.4.10.jar:/Users/unadkarni/.m2/repository/com/netflix/hystrix/hystrix-core/1.5.3/hystrix-core-1.5.3.jar:/Users/unadkarni/.m2/repository/com/netflix/hystrix/hystrix-javanica/1.5.3/hystrix-javanica-1.5.3.jar:/Users/unadkarni/.m2/repository/com/netflix/hystrix/hystrix-metrics-event-stream/1.5.3/hystrix-metrics-event-stream-1.5.3.jar:/Users/unadkarni/.m2/repository/com/netflix/ribbon/ribbon/2.2.0/ribbon-2.2.0.jar:/Users/unadkarni/.m2/repository/com/netflix/ribbon/ribbon-core/2.2.0/ribbon-core-2.2.0.jar:/Users/unadkarni/.m2/repository/com/netflix/ribbon/ribbon-eureka/2.2.0/ribbon-eureka-2.2.0.jar:/Users/unadkarni/.m2/repository/com/netflix/ribbon/ribbon-httpclient/2.2.0/ribbon-httpclient-2.2.0.jar:/Users/unadkarni/.m2/repository/com/netflix/ribbon/ribbon-loadbalancer/2.2.0/ribbon-loadbalancer-2.2.0.jar:/Users/unadkarni/.m2/repository/com/rometools/rome/1.5.0/rome-1.5.0.jar:/Users/unadkarni/.m2/repository/com/rometools/rome-utils/1.5.0/rome-utils-1.5.0.jar:/Users/unadkarni/.m2/repository/com/thoughtworks/xstream/xstream/1.4.2/xstream-1.4.2.jar:/Users/unadkarni/.m2/repository/commons-collections/commons-collections/3.2.2/commons-collections-3.2.2.jar:/Users/unadkarni/.m2/repository/commons-configuration/commons-configuration/1.8/commons-configuration-1.8.jar:/Users/unadkarni/.m2/repository/commons-fileupload/commons-fileupload/1.2.2/commons-fileupload-1.2.2.jar:/Users/unadkarni/.m2/repository/commons-io/commons-io/2.0.1/commons-io-2.0.1.jar:/Users/unadkarni/.m2/repository/commons-lang/commons-lang/2.6/commons-lang-2.6.jar:/Users/unadkarni/.m2/repository/io/reactivex/rxjava/1.1.5/rxjava-1.1.5.jar:/Users/unadkarni/.m2/repository/javax/inject/javax.inject/1/javax.inject-1.jar:/Users/unadkarni/.m2/repository/javax/servlet/jsp/jsp-api/2.1/jsp-api-2.1.jar:/Users/unadkarni/.m2/repository/javax/servlet/jsp/jstl/jstl-api/1.2/jstl-api-1.2.jar:/Users/unadkarni/.m2/repository/javax/validation/validation-api/1.0.0.GA/validation-api-1.0.0.GA.jar:/Users/unadkarni/.m2/repository/joda-time/joda-time/2.3/joda-time-2.3.jar:/Users/unadkarni/.m2/repository/junit/junit/4.11/junit-4.11.jar:/Users/unadkarni/.m2/repository/log4j/log4j/1.2.16/log4j-1.2.16.jar:/Users/unadkarni/.m2/repository/org/apache/commons/commons-lang3/3.1/commons-lang3-3.1.jar:/Users/unadkarni/.m2/repository/org/apache/tomcat/tomcat-servlet-api/7.0.30/tomcat-servlet-api-7.0.30.jar:/Users/unadkarni/.m2/repository/org/apache/tomcat/embed/tomcat-embed-core/8.0.36/tomcat-embed-core-8.0.36.jar:/Users/unadkarni/.m2/repository/org/apache/tomcat/embed/tomcat-embed-el/8.0.36/tomcat-embed-el-8.0.36.jar:/Users/unadkarni/.m2/repository/org/apache/tomcat/embed/tomcat-embed-logging-juli/8.0.36/tomcat-embed-logging-juli-8.0.36.jar:/Users/unadkarni/.m2/repository/org/apache/tomcat/embed/tomcat-embed-websocket/8.0.36/tomcat-embed-websocket-8.0.36.jar:/Users/unadkarni/.m2/repository/org/aspectj/aspectjrt/1.8.1/aspectjrt-1.8.1.jar:/Users/unadkarni/.m2/repository/org/aspectj/aspectjweaver/1.8.9/aspectjweaver-1.8.9.jar:/Users/unadkarni/.m2/repository/org/bouncycastle/bcpkix-jdk15on/1.47/bcpkix-jdk15on-1.47.jar:/Users/unadkarni/.m2/repository/org/bouncycastle/bcprov-jdk15on/1.47/bcprov-jdk15on-1.47.jar:/Users/unadkarni/.m2/repository/org/glassfish/web/jstl-impl/1.2/jstl-impl-1.2.jar:/Users/unadkarni/.m2/repository/org/hamcrest/hamcrest-library/1.3/hamcrest-library-1.3.jar:/Users/unadkarni/.m2/repository/org/hdrhistogram/HdrHistogram/2.1.7/HdrHistogram-2.1.7.jar:/Users/unadkarni/.m2/repository/org/hibernate/hibernate-validator/4.1.0.Final/hibernate-validator-4.1.0.Final.jar:/Users/unadkarni/.m2/repository/org/jdom/jdom/2.0.2/jdom-2.0.2.jar:/Users/unadkarni/.m2/repository/org/ow2/asm/asm/5.0.4/asm-5.0.4.jar:/Users/unadkarni/.m2/repository/org/slf4j/jcl-over-slf4j/1.7.12/jcl-over-slf4j-1.7.12.jar:/Users/unadkarni/.m2/repository/org/slf4j/jul-to-slf4j/1.7.21/jul-to-slf4j-1.7.21.jar:/Users/unadkarni/.m2/repository/org/slf4j/log4j-over-slf4j/1.7.21/log4j-over-slf4j-1.7.21.jar:/Users/unadkarni/.m2/repository/org/slf4j/slf4j-api/1.7.12/slf4j-api-1.7.12.jar:/Users/unadkarni/.m2/repository/org/slf4j/slf4j-log4j12/1.7.12/slf4j-log4j12-1.7.12.jar:/Users/unadkarni/.m2/repository/org/springframework/spring-aop/4.2.7.RELEASE/spring-aop-4.2.7.RELEASE.jar:/Users/unadkarni/.m2/repository/org/springframework/spring-beans/4.2.7.RELEASE/spring-beans-4.2.7.RELEASE.jar:/Users/unadkarni/.m2/repository/org/springframework/spring-context/4.2.2.RELEASE/spring-context-4.2.2.RELEASE.jar:/Users/unadkarni/.m2/repository/org/springframework/spring-core/4.2.7.RELEASE/spring-core-4.2.7.RELEASE.jar:/Users/unadkarni/.m2/repository/org/springframework/spring-expression/4.2.7.RELEASE/spring-expression-4.2.7.RELEASE.jar:/Users/unadkarni/.m2/repository/org/springframework/spring-test/4.2.2.RELEASE/spring-test-4.2.2.RELEASE.jar:/Users/unadkarni/.m2/repository/org/springframework/spring-web/4.2.7.RELEASE/spring-web-4.2.7.RELEASE.jar:/Users/unadkarni/.m2/repository/org/springframework/spring-webmvc/4.2.2.RELEASE/spring-webmvc-4.2.2.RELEASE.jar:/Users/unadkarni/.m2/repository/org/springframework/boot/spring-boot/1.3.7.RELEASE/spring-boot-1.3.7.RELEASE.jar:/Users/unadkarni/.m2/repository/org/springframework/boot/spring-boot-autoconfigure/1.3.7.RELEASE/spring-boot-autoconfigure-1.3.7.RELEASE.jar:/Users/unadkarni/.m2/repository/org/springframework/boot/spring-boot-starter/1.3.7.RELEASE/spring-boot-starter-1.3.7.RELEASE.jar:/Users/unadkarni/.m2/repository/org/springframework/boot/spring-boot-starter-logging/1.3.7.RELEASE/spring-boot-starter-logging-1.3.7.RELEASE.jar:/Users/unadkarni/.m2/repository/org/springframework/boot/spring-boot-starter-tomcat/1.3.7.RELEASE/spring-boot-starter-tomcat-1.3.7.RELEASE.jar:/Users/unadkarni/.m2/repository/org/springframework/boot/spring-boot-starter-validation/1.3.7.RELEASE/spring-boot-starter-validation-1.3.7.RELEASE.jar:/Users/unadkarni/.m2/repository/org/springframework/boot/spring-boot-starter-web/1.3.7.RELEASE/spring-boot-starter-web-1.3.7.RELEASE.jar:/Users/unadkarni/.m2/repository/org/springframework/cloud/spring-cloud-commons/1.1.3.RELEASE/spring-cloud-commons-1.1.3.RELEASE.jar:/Users/unadkarni/.m2/repository/org/springframework/cloud/spring-cloud-config-client/1.1.3.RELEASE/spring-cloud-config-client-1.1.3.RELEASE.jar:/Users/unadkarni/.m2/repository/org/springframework/cloud/spring-cloud-context/1.1.3.RELEASE/spring-cloud-context-1.1.3.RELEASE.jar:/Users/unadkarni/.m2/repository/org/springframework/cloud/spring-cloud-netflix-core/1.1.6.RELEASE/spring-cloud-netflix-core-1.1.6.RELEASE.jar:/Users/unadkarni/.m2/repository/org/springframework/cloud/spring-cloud-netflix-eureka-client/1.1.6.RELEASE/spring-cloud-netflix-eureka-client-1.1.6.RELEASE.jar:/Users/unadkarni/.m2/repository/org/springframework/cloud/spring-cloud-starter/1.1.3.RELEASE/spring-cloud-starter-1.1.3.RELEASE.jar:/Users/unadkarni/.m2/repository/org/springframework/cloud/spring-cloud-starter-archaius/1.1.6.RELEASE/spring-cloud-starter-archaius-1.1.6.RELEASE.jar:/Users/unadkarni/.m2/repository/org/springframework/cloud/spring-cloud-starter-config/1.1.3.RELEASE/spring-cloud-starter-config-1.1.3.RELEASE.jar:/Users/unadkarni/.m2/repository/org/springframework/cloud/spring-cloud-starter-eureka/1.1.6.RELEASE/spring-cloud-starter-eureka-1.1.6.RELEASE.jar:/Users/unadkarni/.m2/repository/org/springframework/cloud/spring-cloud-starter-hystrix/1.1.6.RELEASE/spring-cloud-starter-hystrix-1.1.6.RELEASE.jar:/Users/unadkarni/.m2/repository/org/springframework/cloud/spring-cloud-starter-ribbon/1.1.6.RELEASE/spring-cloud-starter-ribbon-1.1.6.RELEASE.jar:/Users/unadkarni/.m2/repository/org/springframework/security/spring-security-core/4.0.4.RELEASE/spring-security-core-4.0.4.RELEASE.jar:/Users/unadkarni/.m2/repository/org/springframework/security/spring-security-crypto/4.0.4.RELEASE/spring-security-crypto-4.0.4.RELEASE.jar:/Users/unadkarni/.m2/repository/org/springframework/security/spring-security-rsa/1.0.1.RELEASE/spring-security-rsa-1.0.1.RELEASE.jar:/Users/unadkarni/.m2/repository/org/springframework/security/spring-security-web/4.0.1.RELEASE/spring-security-web-4.0.1.RELEASE.jar:/Users/unadkarni/.m2/repository/xmlpull/xmlpull/1.1.3.1/xmlpull-1.1.3.1.jar:/Users/unadkarni/.m2/repository/xmlunit/xmlunit/1.2/xmlunit-1.2.jar:/Users/unadkarni/.m2/repository/xpp3/xpp3_min/1.1.4c/xpp3_min-1.1.4c.jar:/Users/unadkarni/workspace/spring-mvc-showcase/target/classes
-d
/Users/unadkarni/workspace/spring-mvc-showcase/target/classes
/Users/unadkarni/workspace/spring-mvc-showcase/src/main/java/org/springframework/samples/mvc/data/custom/RequestAttribute.java
/Users/unadkarni/workspace/spring-mvc-showcase/src/main/java/org/springframework/samples/mvc/validation/ValidationController.java
/Users/unadkarni/workspace/spring-mvc-showcase/src/main/java/org/springframework/samples/mvc/convert/NestedBean.java
/Users/unadkarni/workspace/spring-mvc-showcase/src/main/java/org/springframework/samples/mvc/validation/JavaBean.java
/Users/unadkarni/workspace/spring-mvc-showcase/src/main/java/org/springframework/samples/mvc/data/custom/CustomArgumentResolver.java
/Users/unadkarni/workspace/spring-mvc-showcase/src/main/java/org/springframework/samples/mvc/convert/MaskFormatAnnotationFormatterFactory.java
/Users/unadkarni/workspace/spring-mvc-showcase/src/main/java/org/springframework/samples/mvc/exceptions/GlobalExceptionHandler.java
/Users/unadkarni/workspace/spring-mvc-showcase/src/main/java/org/springframework/samples/mvc/data/JavaBean.java
/Users/unadkarni/workspace/spring-mvc-showcase/src/main/java/org/springframework/samples/mvc/convert/MaskFormat.java
/Users/unadkarni/workspace/spring-mvc-showcase/src/main/java/org/springframework/samples/mvc/data/custom/CustomArgumentController.java
/Users/unadkarni/workspace/spring-mvc-showcase/src/main/java/org/springframework/samples/mvc/data/standard/StandardArgumentsController.java
/Users/unadkarni/workspace/spring-mvc-showcase/src/main/java/org/springframework/samples/mvc/mapping/JavaBean.java
/Users/unadkarni/workspace/spring-mvc-showcase/src/main/java/org/springframework/samples/mvc/views/JavaBean.java
/Users/unadkarni/workspace/spring-mvc-showcase/src/main/java/org/springframework/samples/mvc/redirect/RedirectController.java
/Users/unadkarni/workspace/spring-mvc-showcase/src/main/java/org/springframework/samples/mvc/async/DeferredResultController.java
/Users/unadkarni/workspace/spring-mvc-showcase/src/main/java/org/springframework/samples/mvc/messageconverters/MessageConvertersController.java
/Users/unadkarni/workspace/spring-mvc-showcase/src/main/java/org/springframework/samples/mvc/mapping/MappingController.java
/Users/unadkarni/workspace/spring-mvc-showcase/src/main/java/org/springframework/samples/mvc/fileupload/FileUploadController.java
/Users/unadkarni/workspace/spring-mvc-showcase/src/main/java/org/springframework/samples/mvc/form/FormController.java
/Users/unadkarni/workspace/spring-mvc-showcase/src/main/java/org/springframework/samples/mvc/exceptions/BusinessException.java
/Users/unadkarni/workspace/spring-mvc-showcase/src/main/java/org/springframework/samples/mvc/async/TimeoutCallableProcessingInterceptor.java
/Users/unadkarni/workspace/spring-mvc-showcase/src/main/java/org/springframework/samples/mvc/convert/ConvertController.java
/Users/unadkarni/workspace/spring-mvc-showcase/src/main/java/org/springframework/samples/mvc/async/JavaBean.java
/Users/unadkarni/workspace/spring-mvc-showcase/src/main/java/org/springframework/samples/mvc/response/ResponseController.java
/Users/unadkarni/workspace/spring-mvc-showcase/src/main/java/org/springframework/samples/mvc/views/ViewsController.java
/Users/unadkarni/workspace/spring-mvc-showcase/src/main/java/org/springframework/samples/mvc/convert/JavaBean.java
/Users/unadkarni/workspace/spring-mvc-showcase/src/main/java/org/springframework/samples/mvc/mapping/ClasslevelMappingController.java
/Users/unadkarni/workspace/spring-mvc-showcase/src/main/java/org/springframework/samples/mvc/messageconverters/JavaBean.java
/Users/unadkarni/workspace/spring-mvc-showcase/src/main/java/org/springframework/samples/mvc/form/FormBean.java
/Users/unadkarni/workspace/spring-mvc-showcase/src/main/java/org/springframework/samples/mvc/data/RequestDataController.java
/Users/unadkarni/workspace/spring-mvc-showcase/src/main/java/org/springframework/samples/mvc/simple/SimpleControllerRevisited.java
/Users/unadkarni/workspace/spring-mvc-showcase/src/main/java/org/springframework/samples/mvc/convert/SocialSecurityNumber.java
/Users/unadkarni/workspace/spring-mvc-showcase/src/main/java/org/springframework/samples/mvc/async/CallableController.java
/Users/unadkarni/workspace/spring-mvc-showcase/src/main/java/org/springframework/samples/mvc/exceptions/ExceptionController.java
/Users/unadkarni/workspace/spring-mvc-showcase/src/main/java/org/springframework/samples/mvc/simple/SimpleController.java
/Users/unadkarni/workspace/spring-mvc-showcase/src/main/java/org/springframework/samples/mvc/form/InquiryType.java
/Users/unadkarni/workspace/spring-mvc-showcase/src/main/java/org/springframework/mvc/extensions/ajax/AjaxUtils.java
